<?xml version="1.0" encoding="UTF-8"?>
<!-- Generated by org.testng.reporters.JUnitReportReporter -->
<testsuite hostname="Khwaza_Envy" failures="0" tests="1" name="com.practice.tests.GooglTest" time="0.588" errors="0" timestamp="2025-09-01T10:51:37 CDT" skipped="0">
  <testcase classname="com.practice.tests.GooglTest" name="checkGoogleTitle" time="0.588"/>
</testsuite> <!-- com.practice.tests.GooglTest -->
