<?xml version="1.0" encoding="UTF-8"?>
<!-- Generated by org.testng.reporters.JUnitReportReporter -->
<testsuite hostname="Khwaza_Envy" failures="0" tests="1" name="com.practice.tests.GooglTest" time="0.956" errors="0" timestamp="2025-09-01T12:04:48 CDT" skipped="0">
  <testcase classname="com.practice.tests.GooglTest" name="searchInWikipedia" time="0.956"/>
</testsuite> <!-- com.practice.tests.GooglTest -->
